#
# There is insufficient memory for the Java Runtime Environment to continue.
# Native memory allocation (malloc) failed to allocate 152288 bytes for Chunk::new
# Possible reasons:
#   The system is out of physical RAM or swap space
#   The process is running with CompressedOops enabled, and the Java Heap may be blocking the growth of the native heap
# Possible solutions:
#   Reduce memory load on the system
#   Increase physical memory or swap space
#   Check if swap backing store is full
#   Decrease Java heap size (-Xmx/-Xms)
#   Decrease number of Java threads
#   Decrease Java thread stack sizes (-Xss)
#   Set larger code cache with -XX:ReservedCodeCacheSize=
#   JVM is running with Zero Based Compressed Oops mode in which the Java heap is
#     placed in the first 32GB address space. The Java Heap base address is the
#     maximum limit for the native heap growth. Please use -XX:HeapBaseMinAddress
#     to set the Java Heap base and to place the Java Heap above 32GB virtual address.
# This output file may be truncated or incomplete.
#
#  Out of Memory Error (allocation.cpp:390), pid=23872, tid=0x0000000000001cf0
#
# JRE version: Java(TM) SE Runtime Environment (8.0_201-b09) (build 1.8.0_201-b09)
# Java VM: Java HotSpot(TM) 64-Bit Server VM (25.201-b09 mixed mode windows-amd64 compressed oops)
# Failed to write core dump. Minidumps are not enabled by default on client versions of Windows
#

---------------  T H R E A D  ---------------

Current thread (0x000000001f135000):  JavaThread "C2 CompilerThread1" daemon [_thread_in_native, id=7408, stack(0x000000001fb50000,0x000000001fc50000)]

Stack: [0x000000001fb50000,0x000000001fc50000]
[error occurred during error reporting (printing stack bounds), id 0xc0000005]

Native frames: (J=compiled Java code, j=interpreted, Vv=VM code, C=native code)


Current CompileTask:
C2:   3857 1948       4       java.net.URLClassLoader$1::run (5 bytes)


---------------  P R O C E S S  ---------------

Java Threads: ( => current thread )
  0x000000001f1bd800 JavaThread "Service Thread" daemon [_thread_blocked, id=24108, stack(0x000000001ff50000,0x0000000020050000)]
  0x000000001f192800 JavaThread "C1 CompilerThread3" daemon [_thread_blocked, id=13392, stack(0x000000001fc50000,0x000000001fd50000)]
  0x000000001f13a800 JavaThread "C2 CompilerThread2" daemon [_thread_in_native, id=20496, stack(0x000000001fd90000,0x000000001fe90000)]
=>0x000000001f135000 JavaThread "C2 CompilerThread1" daemon [_thread_in_native, id=7408, stack(0x000000001fb50000,0x000000001fc50000)]
  0x000000001f134000 JavaThread "C2 CompilerThread0" daemon [_thread_in_native, id=12516, stack(0x000000001e9b0000,0x000000001eab0000)]
  0x000000001f0ec000 JavaThread "Monitor Ctrl-Break" daemon [_thread_in_native, id=11680, stack(0x000000001f990000,0x000000001fa90000)]
  0x000000001d832800 JavaThread "Attach Listener" daemon [_thread_blocked, id=18060, stack(0x000000001efb0000,0x000000001f0b0000)]
  0x000000001c77f800 JavaThread "Signal Dispatcher" daemon [_thread_blocked, id=2616, stack(0x000000001ede0000,0x000000001eee0000)]
  0x000000001c774800 JavaThread "Finalizer" daemon [_thread_blocked, id=15172, stack(0x000000001ec50000,0x000000001ed50000)]
  0x000000001c76d800 JavaThread "Reference Handler" daemon [_thread_blocked, id=17208, stack(0x000000001eaf0000,0x000000001ebf0000)]
  0x000000000212e000 JavaThread "main" [_thread_in_native, id=23868, stack(0x00000000021e0000,0x00000000022e0000)]

Other Threads:
  0x000000001c764800 VMThread [stack: 0x000000001e830000,0x000000001e930000] [id=13624]
  0x000000001f295000 WatcherThread [stack: 0x0000000020210000,0x0000000020310000] [id=18720]

VM state:not at safepoint (normal execution)

VM Mutex/Monitor currently owned by a thread: None

heap address: 0x00000006c0c00000, size: 4084 MB, Compressed Oops mode: Zero based, Oop shift amount: 3
Narrow klass base: 0x0000000000000000, Narrow klass shift: 3
Compressed class space size: 1073741824 Address: 0x00000007c0000000

Heap:
 PSYoungGen      total 103936K, used 34335K [0x000000076af00000, 0x0000000773c80000, 0x00000007c0000000)
  eden space 100864K, 31% used [0x000000076af00000,0x000000076cd9a450,0x0000000771180000)
  from space 3072K, 97% used [0x0000000773980000,0x0000000773c6d920,0x0000000773c80000)
  to   space 10752K, 0% used [0x0000000772780000,0x0000000772780000,0x0000000773200000)
 ParOldGen       total 99328K, used 7011K [0x00000006c0c00000, 0x00000006c6d00000, 0x000000076af00000)
  object space 99328K, 7% used [0x00000006c0c00000,0x00000006c12d8f80,0x00000006c6d00000)
 Metaspace       used 23548K, capacity 24456K, committed 24624K, reserved 1071104K
  class space    used 3051K, capacity 3286K, committed 3376K, reserved 1048576K

Card table byte_map: [0x0000000011b90000,0x0000000012390000] byte_map_base: 0x000000000e58a000

Marking Bits: (ParMarkBitMap*) 0x0000000056354ce0
 Begin Bits: [0x00000000135e0000, 0x00000000175b0000)
 End Bits:   [0x00000000175b0000, 0x000000001b580000)

Polling page: 0x00000000005d0000

CodeCache: size=245760Kb used=6892Kb max_used=6892Kb free=238867Kb
 bounds [0x00000000027d0000, 0x0000000002e90000, 0x00000000117d0000]
 total_blobs=2490 nmethods=2116 adapters=286
 compilation: enabled

Compilation events (10 events):
Event: 3.793 Thread 0x000000001f192800 nmethod 2108 0x0000000002e84950 code [0x0000000002e84ae0, 0x0000000002e84fe8]
Event: 3.793 Thread 0x000000001f192800 2109       3       org.springframework.core.ResolvableType::<init> (47 bytes)
Event: 3.793 Thread 0x000000001f192800 nmethod 2109 0x0000000002e84490 code [0x0000000002e84600, 0x0000000002e84890]
Event: 3.793 Thread 0x000000001f192800 2110       3       org.springframework.core.ResolvableType::isAssignableFrom (10 bytes)
Event: 3.793 Thread 0x000000001f192800 nmethod 2110 0x0000000002e8a550 code [0x0000000002e8a6e0, 0x0000000002e8a978]
Event: 3.794 Thread 0x000000001f192800 2111       3       org.springframework.core.ResolvableType::isAssignableFrom (7 bytes)
Event: 3.794 Thread 0x000000001f192800 nmethod 2111 0x0000000002e8aa90 code [0x0000000002e8ac00, 0x0000000002e8ad88]
Event: 3.795 Thread 0x000000001f192800 2112       3       java.util.Map::getOrDefault (28 bytes)
Event: 3.795 Thread 0x000000001f192800 nmethod 2112 0x0000000002e8ae10 code [0x0000000002e8af80, 0x0000000002e8b2f8]
Event: 3.795 Thread 0x000000001f192800 2113       3       org.springframework.boot.autoconfigure.condition.FilteringSpringBootCondition::resolve (15 bytes)

GC Heap History (10 events):
Event: 1.306 GC heap before
{Heap before GC invocations=1 (full 0):
 PSYoungGen      total 76288K, used 65536K [0x000000076af00000, 0x0000000770400000, 0x00000007c0000000)
  eden space 65536K, 100% used [0x000000076af00000,0x000000076ef00000,0x000000076ef00000)
  from space 10752K, 0% used [0x000000076f980000,0x000000076f980000,0x0000000770400000)
  to   space 10752K, 0% used [0x000000076ef00000,0x000000076ef00000,0x000000076f980000)
 ParOldGen       total 175104K, used 0K [0x00000006c0c00000, 0x00000006cb700000, 0x000000076af00000)
  object space 175104K, 0% used [0x00000006c0c00000,0x00000006c0c00000,0x00000006cb700000)
 Metaspace       used 12375K, capacity 12842K, committed 12928K, reserved 1060864K
  class space    used 1524K, capacity 1659K, committed 1664K, reserved 1048576K
Event: 1.313 GC heap after
Heap after GC invocations=1 (full 0):
 PSYoungGen      total 76288K, used 6847K [0x000000076af00000, 0x0000000770400000, 0x00000007c0000000)
  eden space 65536K, 0% used [0x000000076af00000,0x000000076af00000,0x000000076ef00000)
  from space 10752K, 63% used [0x000000076ef00000,0x000000076f5afdc8,0x000000076f980000)
  to   space 10752K, 0% used [0x000000076f980000,0x000000076f980000,0x0000000770400000)
 ParOldGen       total 175104K, used 16K [0x00000006c0c00000, 0x00000006cb700000, 0x000000076af00000)
  object space 175104K, 0% used [0x00000006c0c00000,0x00000006c0c04000,0x00000006cb700000)
 Metaspace       used 12375K, capacity 12842K, committed 12928K, reserved 1060864K
  class space    used 1524K, capacity 1659K, committed 1664K, reserved 1048576K
}
Event: 1.652 GC heap before
{Heap before GC invocations=2 (full 0):
 PSYoungGen      total 76288K, used 72383K [0x000000076af00000, 0x0000000770400000, 0x00000007c0000000)
  eden space 65536K, 100% used [0x000000076af00000,0x000000076ef00000,0x000000076ef00000)
  from space 10752K, 63% used [0x000000076ef00000,0x000000076f5afdc8,0x000000076f980000)
  to   space 10752K, 0% used [0x000000076f980000,0x000000076f980000,0x0000000770400000)
 ParOldGen       total 175104K, used 16K [0x00000006c0c00000, 0x00000006cb700000, 0x000000076af00000)
  object space 175104K, 0% used [0x00000006c0c00000,0x00000006c0c04000,0x00000006cb700000)
 Metaspace       used 17645K, capacity 18250K, committed 18432K, reserved 1064960K
  class space    used 2300K, capacity 2463K, committed 2560K, reserved 1048576K
Event: 1.661 GC heap after
Heap after GC invocations=2 (full 0):
 PSYoungGen      total 76288K, used 8939K [0x000000076af00000, 0x0000000774400000, 0x00000007c0000000)
  eden space 65536K, 0% used [0x000000076af00000,0x000000076af00000,0x000000076ef00000)
  from space 10752K, 83% used [0x000000076f980000,0x000000077023af20,0x0000000770400000)
  to   space 10752K, 0% used [0x000000076ef00000,0x000000076ef00000,0x000000076f980000)
 ParOldGen       total 175104K, used 24K [0x00000006c0c00000, 0x00000006cb700000, 0x000000076af00000)
  object space 175104K, 0% used [0x00000006c0c00000,0x00000006c0c06000,0x00000006cb700000)
 Metaspace       used 17645K, capacity 18250K, committed 18432K, reserved 1064960K
  class space    used 2300K, capacity 2463K, committed 2560K, reserved 1048576K
}
Event: 1.847 GC heap before
{Heap before GC invocations=3 (full 0):
 PSYoungGen      total 76288K, used 36167K [0x000000076af00000, 0x0000000774400000, 0x00000007c0000000)
  eden space 65536K, 41% used [0x000000076af00000,0x000000076c996fd8,0x000000076ef00000)
  from space 10752K, 83% used [0x000000076f980000,0x000000077023af20,0x0000000770400000)
  to   space 10752K, 0% used [0x000000076ef00000,0x000000076ef00000,0x000000076f980000)
 ParOldGen       total 175104K, used 24K [0x00000006c0c00000, 0x00000006cb700000, 0x000000076af00000)
  object space 175104K, 0% used [0x00000006c0c00000,0x00000006c0c06000,0x00000006cb700000)
 Metaspace       used 20647K, capacity 21238K, committed 21296K, reserved 1067008K
  class space    used 2685K, capacity 2861K, committed 2864K, reserved 1048576K
Event: 1.856 GC heap after
Heap after GC invocations=3 (full 0):
 PSYoungGen      total 76288K, used 7339K [0x000000076af00000, 0x0000000774400000, 0x00000007c0000000)
  eden space 65536K, 0% used [0x000000076af00000,0x000000076af00000,0x000000076ef00000)
  from space 10752K, 68% used [0x000000076ef00000,0x000000076f62adf8,0x000000076f980000)
  to   space 10752K, 0% used [0x0000000773980000,0x0000000773980000,0x0000000774400000)
 ParOldGen       total 175104K, used 32K [0x00000006c0c00000, 0x00000006cb700000, 0x000000076af00000)
  object space 175104K, 0% used [0x00000006c0c00000,0x00000006c0c08000,0x00000006cb700000)
 Metaspace       used 20647K, capacity 21238K, committed 21296K, reserved 1067008K
  class space    used 2685K, capacity 2861K, committed 2864K, reserved 1048576K
}
Event: 1.856 GC heap before
{Heap before GC invocations=4 (full 1):
 PSYoungGen      total 76288K, used 7339K [0x000000076af00000, 0x0000000774400000, 0x00000007c0000000)
  eden space 65536K, 0% used [0x000000076af00000,0x000000076af00000,0x000000076ef00000)
  from space 10752K, 68% used [0x000000076ef00000,0x000000076f62adf8,0x000000076f980000)
  to   space 10752K, 0% used [0x0000000773980000,0x0000000773980000,0x0000000774400000)
 ParOldGen       total 175104K, used 32K [0x00000006c0c00000, 0x00000006cb700000, 0x000000076af00000)
  object space 175104K, 0% used [0x00000006c0c00000,0x00000006c0c08000,0x00000006cb700000)
 Metaspace       used 20647K, capacity 21238K, committed 21296K, reserved 1067008K
  class space    used 2685K, capacity 2861K, committed 2864K, reserved 1048576K
Event: 1.890 GC heap after
Heap after GC invocations=4 (full 1):
 PSYoungGen      total 76288K, used 0K [0x000000076af00000, 0x0000000774400000, 0x00000007c0000000)
  eden space 65536K, 0% used [0x000000076af00000,0x000000076af00000,0x000000076ef00000)
  from space 10752K, 0% used [0x000000076ef00000,0x000000076ef00000,0x000000076f980000)
  to   space 10752K, 0% used [0x0000000773980000,0x0000000773980000,0x0000000774400000)
 ParOldGen       total 99328K, used 7003K [0x00000006c0c00000, 0x00000006c6d00000, 0x000000076af00000)
  object space 99328K, 7% used [0x00000006c0c00000,0x00000006c12d6f80,0x00000006c6d00000)
 Metaspace       used 20645K, capacity 21232K, committed 21296K, reserved 1067008K
  class space    used 2684K, capacity 2860K, committed 2864K, reserved 1048576K
}
Event: 3.061 GC heap before
{Heap before GC invocations=5 (full 1):
 PSYoungGen      total 76288K, used 65536K [0x000000076af00000, 0x0000000774400000, 0x00000007c0000000)
  eden space 65536K, 100% used [0x000000076af00000,0x000000076ef00000,0x000000076ef00000)
  from space 10752K, 0% used [0x000000076ef00000,0x000000076ef00000,0x000000076f980000)
  to   space 10752K, 0% used [0x0000000773980000,0x0000000773980000,0x0000000774400000)
 ParOldGen       total 99328K, used 7003K [0x00000006c0c00000, 0x00000006c6d00000, 0x000000076af00000)
  object space 99328K, 7% used [0x00000006c0c00000,0x00000006c12d6f80,0x00000006c6d00000)
 Metaspace       used 22124K, capacity 22930K, committed 23088K, reserved 1069056K
  class space    used 2863K, capacity 3061K, committed 3120K, reserved 1048576K
Event: 3.065 GC heap after
Heap after GC invocations=5 (full 1):
 PSYoungGen      total 103936K, used 2998K [0x000000076af00000, 0x0000000773c80000, 0x00000007c0000000)
  eden space 100864K, 0% used [0x000000076af00000,0x000000076af00000,0x0000000771180000)
  from space 3072K, 97% used [0x0000000773980000,0x0000000773c6d920,0x0000000773c80000)
  to   space 10752K, 0% used [0x0000000772780000,0x0000000772780000,0x0000000773200000)
 ParOldGen       total 99328K, used 7011K [0x00000006c0c00000, 0x00000006c6d00000, 0x000000076af00000)
  object space 99328K, 7% used [0x00000006c0c00000,0x00000006c12d8f80,0x00000006c6d00000)
 Metaspace       used 22124K, capacity 22930K, committed 23088K, reserved 1069056K
  class space    used 2863K, capacity 3061K, committed 3120K, reserved 1048576K
}

Deoptimization events (10 events):
Event: 1.535 Thread 0x000000000212e000 Uncommon trap: reason=class_check action=maybe_recompile pc=0x00000000029cbfb4 method=java.lang.String.equals(Ljava/lang/Object;)Z @ 8
Event: 1.567 Thread 0x000000000212e000 Uncommon trap: reason=class_check action=maybe_recompile pc=0x00000000029cbfb4 method=java.lang.String.equals(Ljava/lang/Object;)Z @ 8
Event: 1.567 Thread 0x000000000212e000 Uncommon trap: reason=class_check action=maybe_recompile pc=0x00000000029cbfb4 method=java.lang.String.equals(Ljava/lang/Object;)Z @ 8
Event: 1.567 Thread 0x000000000212e000 Uncommon trap: reason=class_check action=maybe_recompile pc=0x00000000029cbfb4 method=java.lang.String.equals(Ljava/lang/Object;)Z @ 8
Event: 1.715 Thread 0x000000000212e000 Uncommon trap: reason=unstable_if action=reinterpret pc=0x0000000002afb52c method=java.io.WinNTFileSystem.normalize(Ljava/lang/String;)Ljava/lang/String; @ 128
Event: 1.830 Thread 0x000000001f46f800 Uncommon trap: reason=unstable_if action=reinterpret pc=0x0000000002ba71e8 method=jdk.internal.org.objectweb.asm.Type.getArgumentsAndReturnSizes(Ljava/lang/String;)I @ 47
Event: 2.725 Thread 0x000000000212e000 Uncommon trap: reason=bimorphic action=maybe_recompile pc=0x0000000002cb59c0 method=java.util.HashMap.putVal(ILjava/lang/Object;Ljava/lang/Object;ZZ)Ljava/lang/Object; @ 203
Event: 2.734 Thread 0x000000000212e000 Uncommon trap: reason=bimorphic action=maybe_recompile pc=0x0000000002cb59c0 method=java.util.HashMap.putVal(ILjava/lang/Object;Ljava/lang/Object;ZZ)Ljava/lang/Object; @ 203
Event: 3.537 Thread 0x000000000212e000 Uncommon trap: reason=unstable_if action=reinterpret pc=0x0000000002dd7038 method=org.springframework.core.annotation.MergedAnnotationsCollection.isMappingForType(Lorg/springframework/core/annotation/AnnotationTypeMapping;Ljava/lang/Object;)Z @ 13
Event: 3.761 Thread 0x000000000212e000 Uncommon trap: reason=bimorphic action=maybe_recompile pc=0x0000000002cb59c0 method=java.util.HashMap.putVal(ILjava/lang/Object;Ljava/lang/Object;ZZ)Ljava/lang/Object; @ 203

Classes redefined (0 events):
No events

Internal exceptions (10 events):
Event: 1.688 Thread 0x000000000212e000 Exception <a 'java/lang/ClassNotFoundException': org/springframework/beans/factory/AwareCustomizer> (0x000000076b476a00) thrown at [C:\re\workspace\8-2-build-windows-amd64-cygwin\jdk8u201\12322\hotspot\src\share\vm\classfile\systemDictionary.cpp, line 210
Event: 1.689 Thread 0x000000000212e000 Exception <a 'java/lang/ClassNotFoundException': org/springframework/beans/factory/BeanClassLoaderAwareCustomizer> (0x000000076b48e8d0) thrown at [C:\re\workspace\8-2-build-windows-amd64-cygwin\jdk8u201\12322\hotspot\src\share\vm\classfile\systemDictionar
Event: 1.690 Thread 0x000000000212e000 Exception <a 'java/lang/ClassNotFoundException': org/springframework/beans/factory/AwareCustomizer> (0x000000076b4a3518) thrown at [C:\re\workspace\8-2-build-windows-amd64-cygwin\jdk8u201\12322\hotspot\src\share\vm\classfile\systemDictionary.cpp, line 210
Event: 1.690 Thread 0x000000000212e000 Exception <a 'java/lang/ClassNotFoundException': org/springframework/context/EnvironmentAwareCustomizer> (0x000000076b4b85b8) thrown at [C:\re\workspace\8-2-build-windows-amd64-cygwin\jdk8u201\12322\hotspot\src\share\vm\classfile\systemDictionary.cpp, lin
Event: 1.691 Thread 0x000000000212e000 Exception <a 'java/lang/ClassNotFoundException': org/springframework/beans/factory/AwareCustomizer> (0x000000076b4cd0e0) thrown at [C:\re\workspace\8-2-build-windows-amd64-cygwin\jdk8u201\12322\hotspot\src\share\vm\classfile\systemDictionary.cpp, line 210
Event: 1.717 Thread 0x000000000212e000 Exception <a 'java/lang/NoSuchMethodError': java.lang.Object.lambda$comparing$77a9974f$1(Ljava/util/function/Function;Ljava/lang/Object;Ljava/lang/Object;)I> (0x000000076b94a690) thrown at [C:\re\workspace\8-2-build-windows-amd64-cygwin\jdk8u201\12322\hot
Event: 1.837 Thread 0x000000001f46f800 Exception <a 'java/lang/IncompatibleClassChangeError': Found class java.lang.Object, but interface was expected> (0x000000076c8b0c18) thrown at [C:\re\workspace\8-2-build-windows-amd64-cygwin\jdk8u201\12322\hotspot\src\share\vm\interpreter\linkResolver.cp
Event: 2.670 Thread 0x000000000212e000 Exception <a 'java/lang/IncompatibleClassChangeError': Found class java.lang.Object, but interface was expected> (0x000000076dcd2938) thrown at [C:\re\workspace\8-2-build-windows-amd64-cygwin\jdk8u201\12322\hotspot\src\share\vm\interpreter\linkResolver.cp
Event: 2.693 Thread 0x000000000212e000 Exception <a 'java/lang/NoSuchMethodError': java.lang.Object.lambda$getAllAnnotationAttributes$0(Lorg/springframework/util/MultiValueMap;)Lorg/springframework/util/MultiValueMap;> (0x000000076df42000) thrown at [C:\re\workspace\8-2-build-windows-amd64-cyg
Event: 2.695 Thread 0x000000000212e000 Exception <a 'java/lang/NoSuchMethodError': java.lang.Object.lambda$identity$2(Ljava/lang/Object;)Ljava/lang/Object;> (0x000000076df5ae38) thrown at [C:\re\workspace\8-2-build-windows-amd64-cygwin\jdk8u201\12322\hotspot\src\share\vm\interpreter\linkResolv

Events (10 events):
Event: 3.789 loading class org/springframework/orm/jpa/support/OpenEntityManagerInViewInterceptor
Event: 3.789 loading class org/springframework/orm/jpa/support/OpenEntityManagerInViewInterceptor done
Event: 3.790 loading class org/springframework/web/context/request/AsyncWebRequestInterceptor
Event: 3.790 loading class org/springframework/web/context/request/AsyncWebRequestInterceptor done
Event: 3.790 loading class org/springframework/web/context/request/WebRequestInterceptor
Event: 3.790 loading class org/springframework/web/context/request/WebRequestInterceptor done
Event: 3.791 loading class org/springframework/orm/jpa/EntityManagerFactoryAccessor
Event: 3.791 loading class org/springframework/orm/jpa/EntityManagerFactoryAccessor done
Event: 3.793 loading class org/springframework/orm/jpa/support/OpenEntityManagerInViewFilter
Event: 3.793 loading class org/springframework/orm/jpa/support/OpenEntityManagerInViewFilter done


Dynamic libraries:
0x000000013fcb0000 - 0x000000013fce7000 	C:\Program Files\Java\jdk1.8.0_201\bin\java.exe
0x0000000076ff0000 - 0x000000007718f000 	C:\Windows\SYSTEM32\ntdll.dll
0x0000000076ed0000 - 0x0000000076fef000 	C:\Windows\system32\kernel32.dll
0x000007fefcb30000 - 0x000007fefcb9a000 	C:\Windows\system32\KERNELBASE.dll
0x000007fefdbe0000 - 0x000007fefdcbb000 	C:\Windows\system32\ADVAPI32.dll
0x000007fefd390000 - 0x000007fefd42f000 	C:\Windows\system32\msvcrt.dll
0x000007fefd6f0000 - 0x000007fefd70f000 	C:\Windows\SYSTEM32\sechost.dll
0x000007fefd4a0000 - 0x000007fefd5cd000 	C:\Windows\system32\RPCRT4.dll
0x0000000076dd0000 - 0x0000000076eca000 	C:\Windows\system32\USER32.dll
0x000007fefd430000 - 0x000007fefd497000 	C:\Windows\system32\GDI32.dll
0x000007fefec30000 - 0x000007fefec3e000 	C:\Windows\system32\LPK.dll
0x000007feff140000 - 0x000007feff20b000 	C:\Windows\system32\USP10.dll
0x000007fefb330000 - 0x000007fefb524000 	C:\Windows\WinSxS\amd64_microsoft.windows.common-controls_6595b64144ccf1df_6.0.7601.18837_none_fa3b1e3d17594757\COMCTL32.dll
0x000007feff060000 - 0x000007feff0d1000 	C:\Windows\system32\SHLWAPI.dll
0x000007fefef00000 - 0x000007fefef2e000 	C:\Windows\system32\IMM32.DLL
0x000007fefef50000 - 0x000007feff059000 	C:\Windows\system32\MSCTF.dll
0x000000005b320000 - 0x000000005b3f1000 	C:\Program Files\Java\jdk1.8.0_201\jre\bin\msvcr100.dll
0x0000000055b30000 - 0x00000000563d4000 	C:\Program Files\Java\jdk1.8.0_201\jre\bin\server\jvm.dll
0x000007fef6880000 - 0x000007fef6889000 	C:\Windows\system32\WSOCK32.dll
0x000007fefed20000 - 0x000007fefed6d000 	C:\Windows\system32\WS2_32.dll
0x000007fefced0000 - 0x000007fefced8000 	C:\Windows\system32\NSI.dll
0x000007fefaec0000 - 0x000007fefaefb000 	C:\Windows\system32\WINMM.dll
0x000007fefbbd0000 - 0x000007fefbbdc000 	C:\Windows\system32\VERSION.dll
0x0000000077190000 - 0x0000000077197000 	C:\Windows\system32\PSAPI.DLL
0x000007feee710000 - 0x000007feee71f000 	C:\Program Files\Java\jdk1.8.0_201\jre\bin\verify.dll
0x000007fee4590000 - 0x000007fee45b9000 	C:\Program Files\Java\jdk1.8.0_201\jre\bin\java.dll
0x000007fee1cb0000 - 0x000007fee1cd3000 	C:\Program Files\Java\jdk1.8.0_201\jre\bin\instrument.dll
0x000007feedd50000 - 0x000007feedd66000 	C:\Program Files\Java\jdk1.8.0_201\jre\bin\zip.dll
0x000007fefdea0000 - 0x000007fefec2a000 	C:\Windows\system32\SHELL32.dll
0x000007fefd710000 - 0x000007fefd90f000 	C:\Windows\system32\ole32.dll
0x000007fefcb10000 - 0x000007fefcb1f000 	C:\Windows\system32\profapi.dll
0x000007feee570000 - 0x000007feee58a000 	C:\Program Files\JetBrains\IntelliJ IDEA Community Edition 2018.3.4\bin\breakgen64.dll
0x000007fee2160000 - 0x000007fee217a000 	C:\Program Files\Java\jdk1.8.0_201\jre\bin\net.dll
0x000007fefed70000 - 0x000007fefeef8000 	C:\Windows\system32\urlmon.dll
0x000007fefcc00000 - 0x000007fefcc04000 	C:\Windows\system32\api-ms-win-downlevel-ole32-l1-1-0.dll
0x000007fefcce0000 - 0x000007fefcce4000 	C:\Windows\system32\api-ms-win-downlevel-shlwapi-l1-1-0.dll
0x000007fefcd40000 - 0x000007fefcd45000 	C:\Windows\system32\api-ms-win-downlevel-advapi32-l1-1-0.dll
0x000007fefcd30000 - 0x000007fefcd34000 	C:\Windows\system32\api-ms-win-downlevel-user32-l1-1-0.dll
0x000007fefcc30000 - 0x000007fefcc34000 	C:\Windows\system32\api-ms-win-downlevel-version-l1-1-0.dll
0x000007fefcd50000 - 0x000007fefcd53000 	C:\Windows\system32\api-ms-win-downlevel-normaliz-l1-1-0.dll
0x00000000771a0000 - 0x00000000771a3000 	C:\Windows\system32\normaliz.DLL
0x000007fefd910000 - 0x000007fefdbda000 	C:\Windows\system32\iertutil.dll
0x000007fefcee0000 - 0x000007fefd38c000 	C:\Windows\system32\WININET.dll
0x000007fefcc10000 - 0x000007fefcc2e000 	C:\Windows\system32\USERENV.dll
0x000007fefc270000 - 0x000007fefc2c5000 	C:\Windows\system32\mswsock.dll
0x000007fefc560000 - 0x000007fefc567000 	C:\Windows\System32\wship6.dll
0x000007fefa2c0000 - 0x000007fefa2cd000 	C:\Program Files\Java\jdk1.8.0_201\jre\bin\management.dll
0x000007fefac20000 - 0x000007fefac35000 	C:\Windows\system32\NLAapi.dll
0x000007fef68d0000 - 0x000007fef68e5000 	C:\Windows\system32\napinsp.dll
0x000007fef68b0000 - 0x000007fef68c9000 	C:\Windows\system32\pnrpnsp.dll
0x000007fefc100000 - 0x000007fefc15b000 	C:\Windows\system32\DNSAPI.dll
0x000007fef68a0000 - 0x000007fef68ab000 	C:\Windows\System32\winrnr.dll
0x000007fef6890000 - 0x000007fef68a0000 	C:\Windows\system32\wshbth.dll
0x0000000063560000 - 0x0000000063569000 	C:\Program Files\National Instruments\Shared\mDNS Responder\nimdnsNSP.dll
0x0000000063550000 - 0x000000006355e000 	C:\Windows\system32\nimdnsResponder.dll
0x00000000718f0000 - 0x0000000071993000 	C:\Windows\WinSxS\amd64_microsoft.vc90.crt_1fc8b3b9a1e18e3b_9.0.30729.6161_none_08e61857a83bc251\MSVCR90.dll
0x000007fefa590000 - 0x000007fefa5b7000 	C:\Windows\system32\Iphlpapi.DLL
0x000007fefa580000 - 0x000007fefa58b000 	C:\Windows\system32\WINNSI.DLL
0x000007fefbca0000 - 0x000007fefbca7000 	C:\Windows\System32\wshtcpip.dll
0x000007fef7550000 - 0x000007fef7558000 	C:\Windows\system32\rasadhlp.dll
0x000007fefa3a0000 - 0x000007fefa3f3000 	C:\Windows\System32\fwpuclnt.dll
0x000007fee2060000 - 0x000007fee2071000 	C:\Program Files\Java\jdk1.8.0_201\jre\bin\nio.dll

VM Arguments:
jvm_args: -javaagent:C:\Program Files\JetBrains\IntelliJ IDEA Community Edition 2018.3.4\lib\idea_rt.jar=62441:C:\Program Files\JetBrains\IntelliJ IDEA Community Edition 2018.3.4\bin -Dfile.encoding=UTF-8 
java_command: weather.weather.WeatherApplication
java_class_path (initial): C:\Program Files\Java\jdk1.8.0_201\jre\lib\charsets.jar;C:\Program Files\Java\jdk1.8.0_201\jre\lib\deploy.jar;C:\Program Files\Java\jdk1.8.0_201\jre\lib\ext\access-bridge-64.jar;C:\Program Files\Java\jdk1.8.0_201\jre\lib\ext\cldrdata.jar;C:\Program Files\Java\jdk1.8.0_201\jre\lib\ext\dnsns.jar;C:\Program Files\Java\jdk1.8.0_201\jre\lib\ext\jaccess.jar;C:\Program Files\Java\jdk1.8.0_201\jre\lib\ext\jfxrt.jar;C:\Program Files\Java\jdk1.8.0_201\jre\lib\ext\localedata.jar;C:\Program Files\Java\jdk1.8.0_201\jre\lib\ext\nashorn.jar;C:\Program Files\Java\jdk1.8.0_201\jre\lib\ext\sunec.jar;C:\Program Files\Java\jdk1.8.0_201\jre\lib\ext\sunjce_provider.jar;C:\Program Files\Java\jdk1.8.0_201\jre\lib\ext\sunmscapi.jar;C:\Program Files\Java\jdk1.8.0_201\jre\lib\ext\sunpkcs11.jar;C:\Program Files\Java\jdk1.8.0_201\jre\lib\ext\zipfs.jar;C:\Program Files\Java\jdk1.8.0_201\jre\lib\javaws.jar;C:\Program Files\Java\jdk1.8.0_201\jre\lib\jce.jar;C:\Program Files\Java\jdk1.8.0_201\jre\lib\jfr.jar;C:\Program Files\Java\jdk1.8.0_201\jre\lib\jfxswt.jar;C:\Program Files\Java\jdk1.8.0_201\jre\lib\jsse.jar;C:\Program Files\Java\jdk1.8.0_201\jre\lib\management-agent.jar;C:\Program Files\Java\jdk1.8.0_201\jre\lib\plugin.jar;C:\Program Files\Java\jdk1.8.0_201\jre\lib\resources.jar;C:\Program Files\Java\jdk1.8.0_201\jre\lib\rt.jar;C:\Users\pepe\Desktop\weather\target\classes;C:\Users\pepe\.m2\repository\org\springframework\boot\spring-boot-starter-data-jpa\2.2.1.RELEASE\spring-boot-starter-data-jpa-2.2.1.RELEASE.jar;C:\Users\pepe\.m2\repository\org\springframework\boot\spring-boot-starter-aop\2.2.1.RELEASE\spring-boot-starter-aop-2.2.1.RELEASE.jar;C:\Users\pepe\.m2\repository\org\springframework\spring-aop\5.2.1.RELEASE\spring-aop-5.2.1.RELEASE.jar;C:\Users\pepe\.m2\repository\org\aspectj\aspectjweaver\1.9.4\aspectjweaver-1.9.4.jar;C:\Users\pepe\.m2\repository\org\springframework\boot\spring-boot-starter-jdbc\2.2.1.RELEASE\spring-boot-starter-jdbc-2.2.1.RELEASE.jar;C:
Launcher Type: SUN_STANDARD

Environment Variables:
JAVA_HOME=C:\Program Files\Java\jdk1.8.0_201
PATH=C:\Program Files (x86)\Common Files\Oracle\Java\javapath;C:\ProgramData\Oracle\Java\javapath;C:\Python37;C:\Python37\Lib;C:\Python37\DLLs;D:\AMESim\v1300;D:\AMESim\v1300\win32;D:\AMESim\v1300\win64;D:\AMESim\v1300\sys\mingw32\bin;D:\AMESim\v1300\sys\mpich\mpd\bin;D:\AMESim\v1300\sys\cgns;D:\AMESim\v1300\sys\python\win32;C:\Program Files (x86)\NVIDIA Corporation\PhysX\Common;C:\Program Files (x86)\PC Connectivity Solution\;C:\Program Files (x86)\Intel\iCLS Client\;C:\Program Files\Intel\iCLS Client\;C:\Windows\system32;C:\Windows;C:\Windows\System32\Wbem;C:\Windows\System32\WindowsPowerShell\v1.0\;C:\Program Files\Intel\WiFi\bin\;C:\Program Files\Common Files\Intel\WirelessCommon\;C:\Program Files\Intel\Intel(R) Management Engine Components\DAL;C:\Program Files\Intel\Intel(R) Management Engine Components\IPT;C:\Program Files (x86)\Intel\Intel(R) Management Engine Components\DAL;C:\Program Files (x86)\Intel\Intel(R) Management Engine Components\IPT;C:\Program Files (x86)\Skype\Phone\;D:\Git\cmd;C:\Program Files (x86)\IVI Foundation\IVI\bin;C:\Program Files\IVI Foundation\IVI\bin;C:\Program Files (x86)\IVI Foundation\VISA\WinNT\Bin\;C:\Program Files\IVI Foundation\VISA\Win64\Bin\;C:\Program Files (x86)\IVI Foundation\VISA\WinNT\Bin;C:\Program Files\Java\jdk1.8.0_161\bin ;C:\Program Files\MySQL\MySQL Shell 8.0\bin\;C:\Users\pepe\Anaconda3;C:\Users\pepe\Anaconda3\Library\mingw-w64\bin;C:\Users\pepe\Anaconda3\Library\usr\bin;C:\Users\pepe\Anaconda3\Library\bin;C:\Users\pepe\Anaconda3\Scripts;C:\Users\pepe\AppData\Local\Programs\Microsoft VS Code\bin;D:\IT\Java\jdk1.8.0_161\bin;C:\Program Files (x86)\IVI Foundation\IVI\bin;C:\Program Files\IVI Foundation\IVI\bin;C:\Program Files (x86)\IVI Foundation\VISA\WinNT\Bin\;C:\Program Files\IVI Foundation\VISA\Win64\Bin\;C:\Program Files (x86)\IVI Foundation\VISA\WinNT\Bin;C:\Program Files\Java\jdk1.8.0_161\bin;C:\Program Files\Java\jdk1.8.0_201\bin ;C:\Program Files\JetBrains\IntelliJ IDEA Community Edition 2018.3.4\bin;
USERNAME=pepe
OS=Windows_NT
PROCESSOR_IDENTIFIER=Intel64 Family 6 Model 60 Stepping 3, GenuineIntel



---------------  S Y S T E M  ---------------

OS: Windows 7 , 64 bit Build 7601 (6.1.7601.24308)

CPU:total 8 (initial active 8) (4 cores per cpu, 2 threads per core) family 6 model 60 stepping 3, cmov, cx8, fxsr, mmx, sse, sse2, sse3, ssse3, sse4.1, sse4.2, popcnt, avx, avx2, aes, clmul, erms, lzcnt, ht, tsc, tscinvbit, bmi1, bmi2

Memory: 4k page, physical 16726384k(5024988k free), swap 16724484k(64056k free)

vm_info: Java HotSpot(TM) 64-Bit Server VM (25.201-b09) for windows-amd64 JRE (1.8.0_201-b09), built on Dec 15 2018 18:36:39 by "java_re" with MS VC++ 10.0 (VS2010)

time: Tue Nov 19 12:16:53 2019
timezone: Central European Standard Time
elapsed time: 3 seconds (0d 0h 0m 3s)

