#
# There is insufficient memory for the Java Runtime Environment to continue.
# Native memory allocation (malloc) failed to allocate 65552 bytes for Chunk::new
# Possible reasons:
#   The system is out of physical RAM or swap space
#   The process is running with CompressedOops enabled, and the Java Heap may be blocking the growth of the native heap
# Possible solutions:
#   Reduce memory load on the system
#   Increase physical memory or swap space
#   Check if swap backing store is full
#   Decrease Java heap size (-Xmx/-Xms)
#   Decrease number of Java threads
#   Decrease Java thread stack sizes (-Xss)
#   Set larger code cache with -XX:ReservedCodeCacheSize=
#   JVM is running with Zero Based Compressed Oops mode in which the Java heap is
#     placed in the first 32GB address space. The Java Heap base address is the
#     maximum limit for the native heap growth. Please use -XX:HeapBaseMinAddress
#     to set the Java Heap base and to place the Java Heap above 32GB virtual address.
# This output file may be truncated or incomplete.
#
#  Out of Memory Error (allocation.cpp:390), pid=13424, tid=0x0000000000005434
#
# JRE version: Java(TM) SE Runtime Environment (8.0_201-b09) (build 1.8.0_201-b09)
# Java VM: Java HotSpot(TM) 64-Bit Server VM (25.201-b09 mixed mode windows-amd64 compressed oops)
# Failed to write core dump. Minidumps are not enabled by default on client versions of Windows
#

---------------  T H R E A D  ---------------

Current thread (0x000000001f03e800):  JavaThread "C2 CompilerThread0" daemon [_thread_in_native, id=21556, stack(0x000000001fb30000,0x000000001fc30000)]

Stack: [0x000000001fb30000,0x000000001fc30000]
[error occurred during error reporting (printing stack bounds), id 0xc0000005]

Native frames: (J=compiled Java code, j=interpreted, Vv=VM code, C=native code)


Current CompileTask:
C2:   2203 1519       4       java.net.URLStreamHandler::parseURL (1193 bytes)


---------------  P R O C E S S  ---------------

Java Threads: ( => current thread )
  0x000000001f11e000 JavaThread "Service Thread" daemon [_thread_blocked, id=7884, stack(0x00000000200c0000,0x00000000201c0000)]
  0x000000001f081000 JavaThread "C1 CompilerThread3" daemon [_thread_blocked, id=15440, stack(0x000000001fe70000,0x000000001ff70000)]
  0x000000001f059800 JavaThread "C2 CompilerThread2" daemon [_thread_blocked, id=22060, stack(0x000000001f990000,0x000000001fa90000)]
  0x000000001f03f800 JavaThread "C2 CompilerThread1" daemon [_thread_in_native, id=20512, stack(0x000000001fc40000,0x000000001fd40000)]
=>0x000000001f03e800 JavaThread "C2 CompilerThread0" daemon [_thread_in_native, id=21556, stack(0x000000001fb30000,0x000000001fc30000)]
  0x000000001f019000 JavaThread "Monitor Ctrl-Break" daemon [_thread_in_native, id=20560, stack(0x000000001f860000,0x000000001f960000)]
  0x000000001d919800 JavaThread "Attach Listener" daemon [_thread_blocked, id=7632, stack(0x000000001ed50000,0x000000001ee50000)]
  0x000000001d918800 JavaThread "Signal Dispatcher" daemon [_thread_blocked, id=10024, stack(0x000000001eed0000,0x000000001efd0000)]
  0x000000001c747800 JavaThread "Finalizer" daemon [_thread_blocked, id=20956, stack(0x000000001ec00000,0x000000001ed00000)]
  0x000000001c740800 JavaThread "Reference Handler" daemon [_thread_blocked, id=12708, stack(0x000000001ea50000,0x000000001eb50000)]
  0x000000000211e000 JavaThread "main" [_thread_in_native, id=6576, stack(0x00000000024d0000,0x00000000025d0000)]

Other Threads:
  0x000000001c738000 VMThread [stack: 0x000000001e8b0000,0x000000001e9b0000] [id=8868]
  0x000000001f1c0800 WatcherThread [stack: 0x0000000020270000,0x0000000020370000] [id=7612]

VM state:not at safepoint (normal execution)

VM Mutex/Monitor currently owned by a thread: None

heap address: 0x00000006c0c00000, size: 4084 MB, Compressed Oops mode: Zero based, Oop shift amount: 3
Narrow klass base: 0x0000000000000000, Narrow klass shift: 3
Compressed class space size: 1073741824 Address: 0x00000007c0000000

Heap:
 PSYoungGen      total 76288K, used 33597K [0x000000076af00000, 0x0000000772b80000, 0x00000007c0000000)
  eden space 65536K, 42% used [0x000000076af00000,0x000000076ca0abd8,0x000000076ef00000)
  from space 10752K, 54% used [0x000000076ef00000,0x000000076f4c4c00,0x000000076f980000)
  to   space 10752K, 0% used [0x0000000772100000,0x0000000772100000,0x0000000772b80000)
 ParOldGen       total 99840K, used 6514K [0x00000006c0c00000, 0x00000006c6d80000, 0x000000076af00000)
  object space 99840K, 6% used [0x00000006c0c00000,0x00000006c125cb80,0x00000006c6d80000)
 Metaspace       used 21506K, capacity 22173K, committed 22528K, reserved 1069056K
  class space    used 2790K, capacity 2973K, committed 3072K, reserved 1048576K

Card table byte_map: [0x0000000011c60000,0x0000000012460000] byte_map_base: 0x000000000e65a000

Marking Bits: (ParMarkBitMap*) 0x0000000056354ce0
 Begin Bits: [0x00000000135b0000, 0x0000000017580000)
 End Bits:   [0x0000000017580000, 0x000000001b550000)

Polling page: 0x0000000000430000

CodeCache: size=245760Kb used=5017Kb max_used=5023Kb free=240742Kb
 bounds [0x00000000028a0000, 0x0000000002d90000, 0x00000000118a0000]
 total_blobs=1896 nmethods=1522 adapters=285
 compilation: enabled

Compilation events (10 events):
Event: 1.788 Thread 0x000000001f03f800 nmethod 1512 0x0000000002d884d0 code [0x0000000002d886a0, 0x0000000002d89ca8]
Event: 1.951 Thread 0x000000001f081000 1515       3       org.springframework.util.StringUtils::toStringArray (26 bytes)
Event: 1.952 Thread 0x000000001f081000 nmethod 1515 0x0000000002d83fd0 code [0x0000000002d84160, 0x0000000002d84678]
Event: 2.107 Thread 0x000000001f081000 1516       1       java.security.Permission::getName (5 bytes)
Event: 2.107 Thread 0x000000001f081000 nmethod 1516 0x0000000002d83d10 code [0x0000000002d83e60, 0x0000000002d83f70]
Event: 2.125 Thread 0x000000001f081000 1517       3       java.lang.String::contains (20 bytes)
Event: 2.126 Thread 0x000000001f081000 nmethod 1517 0x0000000002d81950 code [0x0000000002d81ae0, 0x0000000002d81f78]
Event: 2.171 Thread 0x000000001f059800 1518       4       sun.misc.ASCIICaseInsensitiveComparator::compare (126 bytes)
Event: 2.175 Thread 0x000000001f059800 nmethod 1518 0x0000000002d83650 code [0x0000000002d837a0, 0x0000000002d83a58]
Event: 2.180 Thread 0x000000001f03e800 1519       4       java.net.URLStreamHandler::parseURL (1193 bytes)

GC Heap History (8 events):
Event: 1.045 GC heap before
{Heap before GC invocations=1 (full 0):
 PSYoungGen      total 76288K, used 65536K [0x000000076af00000, 0x0000000770400000, 0x00000007c0000000)
  eden space 65536K, 100% used [0x000000076af00000,0x000000076ef00000,0x000000076ef00000)
  from space 10752K, 0% used [0x000000076f980000,0x000000076f980000,0x0000000770400000)
  to   space 10752K, 0% used [0x000000076ef00000,0x000000076ef00000,0x000000076f980000)
 ParOldGen       total 175104K, used 0K [0x00000006c0c00000, 0x00000006cb700000, 0x000000076af00000)
  object space 175104K, 0% used [0x00000006c0c00000,0x00000006c0c00000,0x00000006cb700000)
 Metaspace       used 12330K, capacity 12792K, committed 12928K, reserved 1060864K
  class space    used 1519K, capacity 1660K, committed 1664K, reserved 1048576K
Event: 1.053 GC heap after
Heap after GC invocations=1 (full 0):
 PSYoungGen      total 76288K, used 6811K [0x000000076af00000, 0x0000000770400000, 0x00000007c0000000)
  eden space 65536K, 0% used [0x000000076af00000,0x000000076af00000,0x000000076ef00000)
  from space 10752K, 63% used [0x000000076ef00000,0x000000076f5a6fc0,0x000000076f980000)
  to   space 10752K, 0% used [0x000000076f980000,0x000000076f980000,0x0000000770400000)
 ParOldGen       total 175104K, used 16K [0x00000006c0c00000, 0x00000006cb700000, 0x000000076af00000)
  object space 175104K, 0% used [0x00000006c0c00000,0x00000006c0c04000,0x00000006cb700000)
 Metaspace       used 12330K, capacity 12792K, committed 12928K, reserved 1060864K
  class space    used 1519K, capacity 1660K, committed 1664K, reserved 1048576K
}
Event: 1.267 GC heap before
{Heap before GC invocations=2 (full 0):
 PSYoungGen      total 76288K, used 53294K [0x000000076af00000, 0x0000000770400000, 0x00000007c0000000)
  eden space 65536K, 70% used [0x000000076af00000,0x000000076dc64ab0,0x000000076ef00000)
  from space 10752K, 63% used [0x000000076ef00000,0x000000076f5a6fc0,0x000000076f980000)
  to   space 10752K, 0% used [0x000000076f980000,0x000000076f980000,0x0000000770400000)
 ParOldGen       total 175104K, used 16K [0x00000006c0c00000, 0x00000006cb700000, 0x000000076af00000)
  object space 175104K, 0% used [0x00000006c0c00000,0x00000006c0c04000,0x00000006cb700000)
 Metaspace       used 15518K, capacity 16053K, committed 16256K, reserved 1062912K
  class space    used 2038K, capacity 2176K, committed 2176K, reserved 1048576K
Event: 1.281 GC heap after
Heap after GC invocations=2 (full 0):
 PSYoungGen      total 76288K, used 6847K [0x000000076af00000, 0x0000000770400000, 0x00000007c0000000)
  eden space 65536K, 0% used [0x000000076af00000,0x000000076af00000,0x000000076ef00000)
  from space 10752K, 63% used [0x000000076f980000,0x000000077002fcb8,0x0000000770400000)
  to   space 10752K, 0% used [0x000000076ef00000,0x000000076ef00000,0x000000076f980000)
 ParOldGen       total 175104K, used 24K [0x00000006c0c00000, 0x00000006cb700000, 0x000000076af00000)
  object space 175104K, 0% used [0x00000006c0c00000,0x00000006c0c06000,0x00000006cb700000)
 Metaspace       used 15518K, capacity 16053K, committed 16256K, reserved 1062912K
  class space    used 2038K, capacity 2176K, committed 2176K, reserved 1048576K
}
Event: 1.281 GC heap before
{Heap before GC invocations=3 (full 1):
 PSYoungGen      total 76288K, used 6847K [0x000000076af00000, 0x0000000770400000, 0x00000007c0000000)
  eden space 65536K, 0% used [0x000000076af00000,0x000000076af00000,0x000000076ef00000)
  from space 10752K, 63% used [0x000000076f980000,0x000000077002fcb8,0x0000000770400000)
  to   space 10752K, 0% used [0x000000076ef00000,0x000000076ef00000,0x000000076f980000)
 ParOldGen       total 175104K, used 24K [0x00000006c0c00000, 0x00000006cb700000, 0x000000076af00000)
  object space 175104K, 0% used [0x00000006c0c00000,0x00000006c0c06000,0x00000006cb700000)
 Metaspace       used 15518K, capacity 16053K, committed 16256K, reserved 1062912K
  class space    used 2038K, capacity 2176K, committed 2176K, reserved 1048576K
Event: 1.312 GC heap after
Heap after GC invocations=3 (full 1):
 PSYoungGen      total 76288K, used 0K [0x000000076af00000, 0x0000000770400000, 0x00000007c0000000)
  eden space 65536K, 0% used [0x000000076af00000,0x000000076af00000,0x000000076ef00000)
  from space 10752K, 0% used [0x000000076f980000,0x000000076f980000,0x0000000770400000)
  to   space 10752K, 0% used [0x000000076ef00000,0x000000076ef00000,0x000000076f980000)
 ParOldGen       total 99840K, used 6514K [0x00000006c0c00000, 0x00000006c6d80000, 0x000000076af00000)
  object space 99840K, 6% used [0x00000006c0c00000,0x00000006c125cb80,0x00000006c6d80000)
 Metaspace       used 15516K, capacity 16047K, committed 16256K, reserved 1062912K
  class space    used 2037K, capacity 2175K, committed 2176K, reserved 1048576K
}
Event: 1.762 GC heap before
{Heap before GC invocations=4 (full 1):
 PSYoungGen      total 76288K, used 65494K [0x000000076af00000, 0x0000000770400000, 0x00000007c0000000)
  eden space 65536K, 99% used [0x000000076af00000,0x000000076eef5918,0x000000076ef00000)
  from space 10752K, 0% used [0x000000076f980000,0x000000076f980000,0x0000000770400000)
  to   space 10752K, 0% used [0x000000076ef00000,0x000000076ef00000,0x000000076f980000)
 ParOldGen       total 99840K, used 6514K [0x00000006c0c00000, 0x00000006c6d80000, 0x000000076af00000)
  object space 99840K, 6% used [0x00000006c0c00000,0x00000006c125cb80,0x00000006c6d80000)
 Metaspace       used 20862K, capacity 21521K, committed 21632K, reserved 1069056K
  class space    used 2722K, capacity 2903K, committed 2944K, reserved 1048576K
Event: 1.787 GC heap after
Heap after GC invocations=4 (full 1):
 PSYoungGen      total 76288K, used 5907K [0x000000076af00000, 0x0000000772b80000, 0x00000007c0000000)
  eden space 65536K, 0% used [0x000000076af00000,0x000000076af00000,0x000000076ef00000)
  from space 10752K, 54% used [0x000000076ef00000,0x000000076f4c4c00,0x000000076f980000)
  to   space 10752K, 0% used [0x0000000772100000,0x0000000772100000,0x0000000772b80000)
 ParOldGen       total 99840K, used 6514K [0x00000006c0c00000, 0x00000006c6d80000, 0x000000076af00000)
  object space 99840K, 6% used [0x00000006c0c00000,0x00000006c125cb80,0x00000006c6d80000)
 Metaspace       used 20862K, capacity 21521K, committed 21632K, reserved 1069056K
  class space    used 2722K, capacity 2903K, committed 2944K, reserved 1048576K
}

Deoptimization events (10 events):
Event: 1.189 Thread 0x000000000211e000 Uncommon trap: reason=unstable_if action=reinterpret pc=0x0000000002c71e44 method=java.util.HashMap.putVal(ILjava/lang/Object;Ljava/lang/Object;ZZ)Ljava/lang/Object; @ 193
Event: 1.189 Thread 0x000000000211e000 Uncommon trap: reason=unstable_if action=reinterpret pc=0x0000000002b160c4 method=java.util.HashMap.getNode(ILjava/lang/Object;)Ljava/util/HashMap$Node; @ 129
Event: 1.228 Thread 0x000000001f421000 Uncommon trap: reason=unstable_if action=reinterpret pc=0x0000000002c72ad0 method=java.util.HashMap.putVal(ILjava/lang/Object;Ljava/lang/Object;ZZ)Ljava/lang/Object; @ 193
Event: 1.324 Thread 0x000000000211e000 Uncommon trap: reason=class_check action=maybe_recompile pc=0x0000000002aa6b74 method=java.lang.String.equals(Ljava/lang/Object;)Z @ 8
Event: 1.390 Thread 0x000000000211e000 Uncommon trap: reason=class_check action=maybe_recompile pc=0x0000000002aa6b74 method=java.lang.String.equals(Ljava/lang/Object;)Z @ 8
Event: 1.391 Thread 0x000000000211e000 Uncommon trap: reason=class_check action=maybe_recompile pc=0x0000000002aa6b74 method=java.lang.String.equals(Ljava/lang/Object;)Z @ 8
Event: 1.391 Thread 0x000000000211e000 Uncommon trap: reason=class_check action=maybe_recompile pc=0x0000000002aa6b74 method=java.lang.String.equals(Ljava/lang/Object;)Z @ 8
Event: 1.446 Thread 0x000000000211e000 Uncommon trap: reason=unstable_if action=reinterpret pc=0x0000000002c9df90 method=java.util.concurrent.ConcurrentHashMap.putVal(Ljava/lang/Object;Ljava/lang/Object;Z)Ljava/lang/Object; @ 206
Event: 1.538 Thread 0x000000000211e000 Uncommon trap: reason=unstable_if action=reinterpret pc=0x0000000002baa45c method=java.io.WinNTFileSystem.normalize(Ljava/lang/String;)Ljava/lang/String; @ 128
Event: 1.613 Thread 0x000000001f421000 Uncommon trap: reason=unstable_if action=reinterpret pc=0x0000000002c8a228 method=jdk.internal.org.objectweb.asm.Type.getArgumentsAndReturnSizes(Ljava/lang/String;)I @ 47

Classes redefined (0 events):
No events

Internal exceptions (10 events):
Event: 1.502 Thread 0x000000000211e000 Exception <a 'java/lang/ClassNotFoundException': org/springframework/core/PriorityOrderedCustomizer> (0x000000076c8d14f0) thrown at [C:\re\workspace\8-2-build-windows-amd64-cygwin\jdk8u201\12322\hotspot\src\share\vm\classfile\systemDictionary.cpp, line 21
Event: 1.502 Thread 0x000000000211e000 Exception <a 'java/lang/ClassNotFoundException': org/springframework/core/OrderedCustomizer> (0x000000076c8e2de8) thrown at [C:\re\workspace\8-2-build-windows-amd64-cygwin\jdk8u201\12322\hotspot\src\share\vm\classfile\systemDictionary.cpp, line 210]
Event: 1.503 Thread 0x000000000211e000 Exception <a 'java/lang/ClassNotFoundException': org/springframework/context/ResourceLoaderAwareCustomizer> (0x000000076c8f97f8) thrown at [C:\re\workspace\8-2-build-windows-amd64-cygwin\jdk8u201\12322\hotspot\src\share\vm\classfile\systemDictionary.cpp, 
Event: 1.503 Thread 0x000000000211e000 Exception <a 'java/lang/ClassNotFoundException': org/springframework/beans/factory/AwareCustomizer> (0x000000076c9dfc98) thrown at [C:\re\workspace\8-2-build-windows-amd64-cygwin\jdk8u201\12322\hotspot\src\share\vm\classfile\systemDictionary.cpp, line 210
Event: 1.504 Thread 0x000000000211e000 Exception <a 'java/lang/ClassNotFoundException': org/springframework/beans/factory/BeanClassLoaderAwareCustomizer> (0x000000076c9f7b68) thrown at [C:\re\workspace\8-2-build-windows-amd64-cygwin\jdk8u201\12322\hotspot\src\share\vm\classfile\systemDictionar
Event: 1.504 Thread 0x000000000211e000 Exception <a 'java/lang/ClassNotFoundException': org/springframework/beans/factory/AwareCustomizer> (0x000000076ca0c7b0) thrown at [C:\re\workspace\8-2-build-windows-amd64-cygwin\jdk8u201\12322\hotspot\src\share\vm\classfile\systemDictionary.cpp, line 210
Event: 1.505 Thread 0x000000000211e000 Exception <a 'java/lang/ClassNotFoundException': org/springframework/context/EnvironmentAwareCustomizer> (0x000000076ca21850) thrown at [C:\re\workspace\8-2-build-windows-amd64-cygwin\jdk8u201\12322\hotspot\src\share\vm\classfile\systemDictionary.cpp, lin
Event: 1.506 Thread 0x000000000211e000 Exception <a 'java/lang/ClassNotFoundException': org/springframework/beans/factory/AwareCustomizer> (0x000000076ca36378) thrown at [C:\re\workspace\8-2-build-windows-amd64-cygwin\jdk8u201\12322\hotspot\src\share\vm\classfile\systemDictionary.cpp, line 210
Event: 1.540 Thread 0x000000000211e000 Exception <a 'java/lang/NoSuchMethodError': java.lang.Object.lambda$comparing$77a9974f$1(Ljava/util/function/Function;Ljava/lang/Object;Ljava/lang/Object;)I> (0x000000076cedd4b0) thrown at [C:\re\workspace\8-2-build-windows-amd64-cygwin\jdk8u201\12322\hot
Event: 1.620 Thread 0x000000001f421000 Exception <a 'java/lang/IncompatibleClassChangeError': Found class java.lang.Object, but interface was expected> (0x000000076d974670) thrown at [C:\re\workspace\8-2-build-windows-amd64-cygwin\jdk8u201\12322\hotspot\src\share\vm\interpreter\linkResolver.cp

Events (10 events):
Event: 2.182 loading class javax/servlet/http/HttpServlet
Event: 2.182 loading class javax/servlet/http/HttpServlet done
Event: 2.183 loading class javax/servlet/GenericServlet
Event: 2.183 loading class javax/servlet/GenericServlet done
Event: 2.183 loading class javax/servlet/ServletConfig
Event: 2.183 loading class javax/servlet/ServletConfig done
Event: 2.183 loading class org/springframework/web/filter/CharacterEncodingFilter
Event: 2.183 loading class org/springframework/web/filter/CharacterEncodingFilter done
Event: 2.183 loading class org/springframework/web/filter/OncePerRequestFilter
Event: 2.183 loading class org/springframework/web/filter/OncePerRequestFilter done


Dynamic libraries:
0x000000013fcb0000 - 0x000000013fce7000 	C:\Program Files\Java\jdk1.8.0_201\bin\java.exe
0x0000000076ff0000 - 0x000000007718f000 	C:\Windows\SYSTEM32\ntdll.dll
0x0000000076ed0000 - 0x0000000076fef000 	C:\Windows\system32\kernel32.dll
0x000007fefcb30000 - 0x000007fefcb9a000 	C:\Windows\system32\KERNELBASE.dll
0x000007fefdbe0000 - 0x000007fefdcbb000 	C:\Windows\system32\ADVAPI32.dll
0x000007fefd390000 - 0x000007fefd42f000 	C:\Windows\system32\msvcrt.dll
0x000007fefd6f0000 - 0x000007fefd70f000 	C:\Windows\SYSTEM32\sechost.dll
0x000007fefd4a0000 - 0x000007fefd5cd000 	C:\Windows\system32\RPCRT4.dll
0x0000000076dd0000 - 0x0000000076eca000 	C:\Windows\system32\USER32.dll
0x000007fefd430000 - 0x000007fefd497000 	C:\Windows\system32\GDI32.dll
0x000007fefec30000 - 0x000007fefec3e000 	C:\Windows\system32\LPK.dll
0x000007feff140000 - 0x000007feff20b000 	C:\Windows\system32\USP10.dll
0x000007fefb330000 - 0x000007fefb524000 	C:\Windows\WinSxS\amd64_microsoft.windows.common-controls_6595b64144ccf1df_6.0.7601.18837_none_fa3b1e3d17594757\COMCTL32.dll
0x000007feff060000 - 0x000007feff0d1000 	C:\Windows\system32\SHLWAPI.dll
0x000007fefef00000 - 0x000007fefef2e000 	C:\Windows\system32\IMM32.DLL
0x000007fefef50000 - 0x000007feff059000 	C:\Windows\system32\MSCTF.dll
0x000000005b320000 - 0x000000005b3f1000 	C:\Program Files\Java\jdk1.8.0_201\jre\bin\msvcr100.dll
0x0000000055b30000 - 0x00000000563d4000 	C:\Program Files\Java\jdk1.8.0_201\jre\bin\server\jvm.dll
0x000007fef6880000 - 0x000007fef6889000 	C:\Windows\system32\WSOCK32.dll
0x000007fefed20000 - 0x000007fefed6d000 	C:\Windows\system32\WS2_32.dll
0x000007fefced0000 - 0x000007fefced8000 	C:\Windows\system32\NSI.dll
0x000007fefaec0000 - 0x000007fefaefb000 	C:\Windows\system32\WINMM.dll
0x000007fefbbd0000 - 0x000007fefbbdc000 	C:\Windows\system32\VERSION.dll
0x0000000077190000 - 0x0000000077197000 	C:\Windows\system32\PSAPI.DLL
0x000007feee710000 - 0x000007feee71f000 	C:\Program Files\Java\jdk1.8.0_201\jre\bin\verify.dll
0x000007fee4590000 - 0x000007fee45b9000 	C:\Program Files\Java\jdk1.8.0_201\jre\bin\java.dll
0x000007fee1cb0000 - 0x000007fee1cd3000 	C:\Program Files\Java\jdk1.8.0_201\jre\bin\instrument.dll
0x000007feedd50000 - 0x000007feedd66000 	C:\Program Files\Java\jdk1.8.0_201\jre\bin\zip.dll
0x000007fefdea0000 - 0x000007fefec2a000 	C:\Windows\system32\SHELL32.dll
0x000007fefd710000 - 0x000007fefd90f000 	C:\Windows\system32\ole32.dll
0x000007fefcb10000 - 0x000007fefcb1f000 	C:\Windows\system32\profapi.dll
0x000007feee570000 - 0x000007feee58a000 	C:\Program Files\JetBrains\IntelliJ IDEA Community Edition 2018.3.4\bin\breakgen64.dll
0x000007fee2160000 - 0x000007fee217a000 	C:\Program Files\Java\jdk1.8.0_201\jre\bin\net.dll
0x000007fefed70000 - 0x000007fefeef8000 	C:\Windows\system32\urlmon.dll
0x000007fefcc00000 - 0x000007fefcc04000 	C:\Windows\system32\api-ms-win-downlevel-ole32-l1-1-0.dll
0x000007fefcce0000 - 0x000007fefcce4000 	C:\Windows\system32\api-ms-win-downlevel-shlwapi-l1-1-0.dll
0x000007fefcd40000 - 0x000007fefcd45000 	C:\Windows\system32\api-ms-win-downlevel-advapi32-l1-1-0.dll
0x000007fefcd30000 - 0x000007fefcd34000 	C:\Windows\system32\api-ms-win-downlevel-user32-l1-1-0.dll
0x000007fefcc30000 - 0x000007fefcc34000 	C:\Windows\system32\api-ms-win-downlevel-version-l1-1-0.dll
0x000007fefcd50000 - 0x000007fefcd53000 	C:\Windows\system32\api-ms-win-downlevel-normaliz-l1-1-0.dll
0x00000000771a0000 - 0x00000000771a3000 	C:\Windows\system32\normaliz.DLL
0x000007fefd910000 - 0x000007fefdbda000 	C:\Windows\system32\iertutil.dll
0x000007fefcee0000 - 0x000007fefd38c000 	C:\Windows\system32\WININET.dll
0x000007fefcc10000 - 0x000007fefcc2e000 	C:\Windows\system32\USERENV.dll
0x000007fefc270000 - 0x000007fefc2c5000 	C:\Windows\system32\mswsock.dll
0x000007fefc560000 - 0x000007fefc567000 	C:\Windows\System32\wship6.dll
0x000007fefa2c0000 - 0x000007fefa2cd000 	C:\Program Files\Java\jdk1.8.0_201\jre\bin\management.dll
0x000007fefac20000 - 0x000007fefac35000 	C:\Windows\system32\NLAapi.dll
0x000007fef68d0000 - 0x000007fef68e5000 	C:\Windows\system32\napinsp.dll
0x000007fef68b0000 - 0x000007fef68c9000 	C:\Windows\system32\pnrpnsp.dll
0x000007fefc100000 - 0x000007fefc15b000 	C:\Windows\system32\DNSAPI.dll
0x000007fef68a0000 - 0x000007fef68ab000 	C:\Windows\System32\winrnr.dll
0x000007fef6890000 - 0x000007fef68a0000 	C:\Windows\system32\wshbth.dll
0x0000000063560000 - 0x0000000063569000 	C:\Program Files\National Instruments\Shared\mDNS Responder\nimdnsNSP.dll
0x0000000063550000 - 0x000000006355e000 	C:\Windows\system32\nimdnsResponder.dll
0x00000000718f0000 - 0x0000000071993000 	C:\Windows\WinSxS\amd64_microsoft.vc90.crt_1fc8b3b9a1e18e3b_9.0.30729.6161_none_08e61857a83bc251\MSVCR90.dll
0x000007fefa590000 - 0x000007fefa5b7000 	C:\Windows\system32\Iphlpapi.DLL
0x000007fefa580000 - 0x000007fefa58b000 	C:\Windows\system32\WINNSI.DLL
0x000007fefbca0000 - 0x000007fefbca7000 	C:\Windows\System32\wshtcpip.dll
0x000007fef7550000 - 0x000007fef7558000 	C:\Windows\system32\rasadhlp.dll
0x000007fefa3a0000 - 0x000007fefa3f3000 	C:\Windows\System32\fwpuclnt.dll
0x000007fee2060000 - 0x000007fee2071000 	C:\Program Files\Java\jdk1.8.0_201\jre\bin\nio.dll

VM Arguments:
jvm_args: -javaagent:C:\Program Files\JetBrains\IntelliJ IDEA Community Edition 2018.3.4\lib\idea_rt.jar=62461:C:\Program Files\JetBrains\IntelliJ IDEA Community Edition 2018.3.4\bin -Dfile.encoding=UTF-8 
java_command: weather.weather.WeatherApplication
java_class_path (initial): C:\Program Files\Java\jdk1.8.0_201\jre\lib\charsets.jar;C:\Program Files\Java\jdk1.8.0_201\jre\lib\deploy.jar;C:\Program Files\Java\jdk1.8.0_201\jre\lib\ext\access-bridge-64.jar;C:\Program Files\Java\jdk1.8.0_201\jre\lib\ext\cldrdata.jar;C:\Program Files\Java\jdk1.8.0_201\jre\lib\ext\dnsns.jar;C:\Program Files\Java\jdk1.8.0_201\jre\lib\ext\jaccess.jar;C:\Program Files\Java\jdk1.8.0_201\jre\lib\ext\jfxrt.jar;C:\Program Files\Java\jdk1.8.0_201\jre\lib\ext\localedata.jar;C:\Program Files\Java\jdk1.8.0_201\jre\lib\ext\nashorn.jar;C:\Program Files\Java\jdk1.8.0_201\jre\lib\ext\sunec.jar;C:\Program Files\Java\jdk1.8.0_201\jre\lib\ext\sunjce_provider.jar;C:\Program Files\Java\jdk1.8.0_201\jre\lib\ext\sunmscapi.jar;C:\Program Files\Java\jdk1.8.0_201\jre\lib\ext\sunpkcs11.jar;C:\Program Files\Java\jdk1.8.0_201\jre\lib\ext\zipfs.jar;C:\Program Files\Java\jdk1.8.0_201\jre\lib\javaws.jar;C:\Program Files\Java\jdk1.8.0_201\jre\lib\jce.jar;C:\Program Files\Java\jdk1.8.0_201\jre\lib\jfr.jar;C:\Program Files\Java\jdk1.8.0_201\jre\lib\jfxswt.jar;C:\Program Files\Java\jdk1.8.0_201\jre\lib\jsse.jar;C:\Program Files\Java\jdk1.8.0_201\jre\lib\management-agent.jar;C:\Program Files\Java\jdk1.8.0_201\jre\lib\plugin.jar;C:\Program Files\Java\jdk1.8.0_201\jre\lib\resources.jar;C:\Program Files\Java\jdk1.8.0_201\jre\lib\rt.jar;C:\Users\pepe\Desktop\weather\target\classes;C:\Users\pepe\.m2\repository\org\springframework\boot\spring-boot-starter-data-jpa\2.2.1.RELEASE\spring-boot-starter-data-jpa-2.2.1.RELEASE.jar;C:\Users\pepe\.m2\repository\org\springframework\boot\spring-boot-starter-aop\2.2.1.RELEASE\spring-boot-starter-aop-2.2.1.RELEASE.jar;C:\Users\pepe\.m2\repository\org\springframework\spring-aop\5.2.1.RELEASE\spring-aop-5.2.1.RELEASE.jar;C:\Users\pepe\.m2\repository\org\aspectj\aspectjweaver\1.9.4\aspectjweaver-1.9.4.jar;C:\Users\pepe\.m2\repository\org\springframework\boot\spring-boot-starter-jdbc\2.2.1.RELEASE\spring-boot-starter-jdbc-2.2.1.RELEASE.jar;C:
Launcher Type: SUN_STANDARD

Environment Variables:
JAVA_HOME=C:\Program Files\Java\jdk1.8.0_201
PATH=C:\Program Files (x86)\Common Files\Oracle\Java\javapath;C:\ProgramData\Oracle\Java\javapath;C:\Python37;C:\Python37\Lib;C:\Python37\DLLs;D:\AMESim\v1300;D:\AMESim\v1300\win32;D:\AMESim\v1300\win64;D:\AMESim\v1300\sys\mingw32\bin;D:\AMESim\v1300\sys\mpich\mpd\bin;D:\AMESim\v1300\sys\cgns;D:\AMESim\v1300\sys\python\win32;C:\Program Files (x86)\NVIDIA Corporation\PhysX\Common;C:\Program Files (x86)\PC Connectivity Solution\;C:\Program Files (x86)\Intel\iCLS Client\;C:\Program Files\Intel\iCLS Client\;C:\Windows\system32;C:\Windows;C:\Windows\System32\Wbem;C:\Windows\System32\WindowsPowerShell\v1.0\;C:\Program Files\Intel\WiFi\bin\;C:\Program Files\Common Files\Intel\WirelessCommon\;C:\Program Files\Intel\Intel(R) Management Engine Components\DAL;C:\Program Files\Intel\Intel(R) Management Engine Components\IPT;C:\Program Files (x86)\Intel\Intel(R) Management Engine Components\DAL;C:\Program Files (x86)\Intel\Intel(R) Management Engine Components\IPT;C:\Program Files (x86)\Skype\Phone\;D:\Git\cmd;C:\Program Files (x86)\IVI Foundation\IVI\bin;C:\Program Files\IVI Foundation\IVI\bin;C:\Program Files (x86)\IVI Foundation\VISA\WinNT\Bin\;C:\Program Files\IVI Foundation\VISA\Win64\Bin\;C:\Program Files (x86)\IVI Foundation\VISA\WinNT\Bin;C:\Program Files\Java\jdk1.8.0_161\bin ;C:\Program Files\MySQL\MySQL Shell 8.0\bin\;C:\Users\pepe\Anaconda3;C:\Users\pepe\Anaconda3\Library\mingw-w64\bin;C:\Users\pepe\Anaconda3\Library\usr\bin;C:\Users\pepe\Anaconda3\Library\bin;C:\Users\pepe\Anaconda3\Scripts;C:\Users\pepe\AppData\Local\Programs\Microsoft VS Code\bin;D:\IT\Java\jdk1.8.0_161\bin;C:\Program Files (x86)\IVI Foundation\IVI\bin;C:\Program Files\IVI Foundation\IVI\bin;C:\Program Files (x86)\IVI Foundation\VISA\WinNT\Bin\;C:\Program Files\IVI Foundation\VISA\Win64\Bin\;C:\Program Files (x86)\IVI Foundation\VISA\WinNT\Bin;C:\Program Files\Java\jdk1.8.0_161\bin;C:\Program Files\Java\jdk1.8.0_201\bin ;C:\Program Files\JetBrains\IntelliJ IDEA Community Edition 2018.3.4\bin;
USERNAME=pepe
OS=Windows_NT
PROCESSOR_IDENTIFIER=Intel64 Family 6 Model 60 Stepping 3, GenuineIntel



---------------  S Y S T E M  ---------------

OS: Windows 7 , 64 bit Build 7601 (6.1.7601.24308)

CPU:total 8 (initial active 8) (4 cores per cpu, 2 threads per core) family 6 model 60 stepping 3, cmov, cx8, fxsr, mmx, sse, sse2, sse3, ssse3, sse4.1, sse4.2, popcnt, avx, avx2, aes, clmul, erms, lzcnt, ht, tsc, tscinvbit, bmi1, bmi2

Memory: 4k page, physical 16726384k(4976440k free), swap 16724484k(12548k free)

vm_info: Java HotSpot(TM) 64-Bit Server VM (25.201-b09) for windows-amd64 JRE (1.8.0_201-b09), built on Dec 15 2018 18:36:39 by "java_re" with MS VC++ 10.0 (VS2010)

time: Tue Nov 19 12:17:43 2019
timezone: Central European Standard Time
elapsed time: 2 seconds (0d 0h 0m 2s)

